TN:
SF:server\data.js
FNF:0
FNH:0
DA:1,1
DA:34,1
LF:2
LH:2
BRF:0
BRH:0
end_of_record
TN:
SF:server\server.js
FN:15,getAll
FN:20,searchWord
FN:22,(anonymous_2)
FN:26,randomResult
FN:28,(anonymous_4)
FN:33,(anonymous_5)
FNF:6
FNH:2
FNDA:1,getAll
FNDA:0,searchWord
FNDA:0,(anonymous_2)
FNDA:0,randomResult
FNDA:0,(anonymous_4)
FNDA:1,(anonymous_5)
DA:1,1
DA:2,1
DA:3,1
DA:4,1
DA:5,1
DA:6,1
DA:7,1
DA:9,1
DA:11,1
DA:12,1
DA:13,1
DA:16,1
DA:17,1
DA:21,0
DA:22,0
DA:23,0
DA:27,0
DA:28,0
DA:29,0
DA:30,0
DA:33,1
DA:34,1
DA:36,1
LF:23
LH:16
BRDA:6,0,0,1
BRDA:6,0,1,1
BRF:2
BRH:2
end_of_record
TN:
SF:server\models\query.js
FN:4,(anonymous_0)
FN:10,(anonymous_1)
FN:11,(anonymous_2)
FNF:3
FNH:3
FNDA:30,(anonymous_0)
FNDA:1,(anonymous_1)
FNDA:30,(anonymous_2)
DA:1,1
DA:5,30
DA:6,30
DA:7,30
DA:8,30
DA:11,30
DA:12,1
DA:16,1
LF:8
LH:8
BRF:0
BRH:0
end_of_record
